<?xml version="1.0" encoding="UTF-8"?>
<!-- Generated by org.testng.reporters.JUnitReportReporter -->
<testsuite skipped="0" hostname="john-PC" name="aug10.Usingdataprovider" tests="4" failures="0" timestamp="10 Aug 2020 15:56:09 GMT" time="31.586" errors="0">
  <testcase name="validatelogin" time="5.486" classname="aug10.Usingdataprovider"/>
  <testcase name="validatelogin" time="6.821" classname="aug10.Usingdataprovider"/>
  <testcase name="validatelogin" time="6.180" classname="aug10.Usingdataprovider"/>
  <testcase name="validatelogin" time="13.099" classname="aug10.Usingdataprovider"/>
</testsuite> <!-- aug10.Usingdataprovider -->
